  Source.cpp
C:\Users\user\OneDrive\Рабочий стол\Учёба\Языки высокого уровня\Программы\SeaBattle\SeaBattle\Source.cpp(39,16): warning C4244: инициализация: преобразование "double" в "ll", возможна потеря данных
C:\Users\user\OneDrive\Рабочий стол\Учёба\Языки высокого уровня\Программы\SeaBattle\SeaBattle\Source.cpp(40,20): warning C4244: инициализация: преобразование "double" в "ll", возможна потеря данных
C:\Users\user\OneDrive\Рабочий стол\Учёба\Языки высокого уровня\Программы\SeaBattle\SeaBattle\Source.cpp(41,22): warning C4244: инициализация: преобразование "double" в "ll", возможна потеря данных
C:\Users\user\OneDrive\Рабочий стол\Учёба\Языки высокого уровня\Программы\SeaBattle\SeaBattle\Source.cpp(78,21): warning C4838: Преобразование из "ll" в "SHORT" требует сужающего преобразования.
C:\Users\user\OneDrive\Рабочий стол\Учёба\Языки высокого уровня\Программы\SeaBattle\SeaBattle\Source.cpp(78,21): warning C4244: инициализация: преобразование "ll" в "SHORT", возможна потеря данных
C:\Users\user\OneDrive\Рабочий стол\Учёба\Языки высокого уровня\Программы\SeaBattle\SeaBattle\Source.cpp(78,24): warning C4838: Преобразование из "ll" в "SHORT" требует сужающего преобразования.
C:\Users\user\OneDrive\Рабочий стол\Учёба\Языки высокого уровня\Программы\SeaBattle\SeaBattle\Source.cpp(78,24): warning C4244: инициализация: преобразование "ll" в "SHORT", возможна потеря данных
C:\Users\user\OneDrive\Рабочий стол\Учёба\Языки высокого уровня\Программы\SeaBattle\SeaBattle\Source.cpp(237,14): warning C4244: аргумент: преобразование "ll" в "const unsigned int", возможна потеря данных
C:\Users\user\OneDrive\Рабочий стол\Учёба\Языки высокого уровня\Программы\SeaBattle\SeaBattle\Source.cpp(237,19): warning C4244: аргумент: преобразование "ll" в "const unsigned int", возможна потеря данных
C:\Users\user\OneDrive\Рабочий стол\Учёба\Языки высокого уровня\Программы\SeaBattle\SeaBattle\Source.cpp(241,17): warning C4244: аргумент: преобразование "ll" в "const unsigned int", возможна потеря данных
C:\Users\user\OneDrive\Рабочий стол\Учёба\Языки высокого уровня\Программы\SeaBattle\SeaBattle\Source.cpp(241,24): warning C4244: аргумент: преобразование "ll" в "const unsigned int", возможна потеря данных
C:\Users\user\OneDrive\Рабочий стол\Учёба\Языки высокого уровня\Программы\SeaBattle\SeaBattle\Source.cpp(246,17): warning C4244: аргумент: преобразование "ll" в "const unsigned int", возможна потеря данных
C:\Users\user\OneDrive\Рабочий стол\Учёба\Языки высокого уровня\Программы\SeaBattle\SeaBattle\Source.cpp(246,24): warning C4244: аргумент: преобразование "ll" в "const unsigned int", возможна потеря данных
C:\Users\user\OneDrive\Рабочий стол\Учёба\Языки высокого уровня\Программы\SeaBattle\SeaBattle\Source.cpp(252,14): warning C4244: аргумент: преобразование "ll" в "const unsigned int", возможна потеря данных
C:\Users\user\OneDrive\Рабочий стол\Учёба\Языки высокого уровня\Программы\SeaBattle\SeaBattle\Source.cpp(252,19): warning C4244: аргумент: преобразование "ll" в "const unsigned int", возможна потеря данных
C:\Users\user\OneDrive\Рабочий стол\Учёба\Языки высокого уровня\Программы\SeaBattle\SeaBattle\Source.cpp(256,17): warning C4244: аргумент: преобразование "ll" в "const unsigned int", возможна потеря данных
C:\Users\user\OneDrive\Рабочий стол\Учёба\Языки высокого уровня\Программы\SeaBattle\SeaBattle\Source.cpp(256,24): warning C4244: аргумент: преобразование "ll" в "const unsigned int", возможна потеря данных
C:\Users\user\OneDrive\Рабочий стол\Учёба\Языки высокого уровня\Программы\SeaBattle\SeaBattle\Source.cpp(261,17): warning C4244: аргумент: преобразование "ll" в "const unsigned int", возможна потеря данных
C:\Users\user\OneDrive\Рабочий стол\Учёба\Языки высокого уровня\Программы\SeaBattle\SeaBattle\Source.cpp(261,24): warning C4244: аргумент: преобразование "ll" в "const unsigned int", возможна потеря данных
C:\Users\user\OneDrive\Рабочий стол\Учёба\Языки высокого уровня\Программы\SeaBattle\SeaBattle\Source.cpp(269,16): warning C4244: аргумент: преобразование "ll" в "const unsigned int", возможна потеря данных
C:\Users\user\OneDrive\Рабочий стол\Учёба\Языки высокого уровня\Программы\SeaBattle\SeaBattle\Source.cpp(269,21): warning C4244: аргумент: преобразование "ll" в "const unsigned int", возможна потеря данных
C:\Users\user\OneDrive\Рабочий стол\Учёба\Языки высокого уровня\Программы\SeaBattle\SeaBattle\Source.cpp(273,17): warning C4244: аргумент: преобразование "ll" в "const unsigned int", возможна потеря данных
C:\Users\user\OneDrive\Рабочий стол\Учёба\Языки высокого уровня\Программы\SeaBattle\SeaBattle\Source.cpp(273,24): warning C4244: аргумент: преобразование "ll" в "const unsigned int", возможна потеря данных
C:\Users\user\OneDrive\Рабочий стол\Учёба\Языки высокого уровня\Программы\SeaBattle\SeaBattle\Source.cpp(278,17): warning C4244: аргумент: преобразование "ll" в "const unsigned int", возможна потеря данных
C:\Users\user\OneDrive\Рабочий стол\Учёба\Языки высокого уровня\Программы\SeaBattle\SeaBattle\Source.cpp(278,24): warning C4244: аргумент: преобразование "ll" в "const unsigned int", возможна потеря данных
C:\Users\user\OneDrive\Рабочий стол\Учёба\Языки высокого уровня\Программы\SeaBattle\SeaBattle\Source.cpp(284,16): warning C4244: аргумент: преобразование "ll" в "const unsigned int", возможна потеря данных
C:\Users\user\OneDrive\Рабочий стол\Учёба\Языки высокого уровня\Программы\SeaBattle\SeaBattle\Source.cpp(284,24): warning C4244: аргумент: преобразование "ll" в "const unsigned int", возможна потеря данных
C:\Users\user\OneDrive\Рабочий стол\Учёба\Языки высокого уровня\Программы\SeaBattle\SeaBattle\Source.cpp(288,17): warning C4244: аргумент: преобразование "ll" в "const unsigned int", возможна потеря данных
C:\Users\user\OneDrive\Рабочий стол\Учёба\Языки высокого уровня\Программы\SeaBattle\SeaBattle\Source.cpp(288,27): warning C4244: аргумент: преобразование "ll" в "const unsigned int", возможна потеря данных
C:\Users\user\OneDrive\Рабочий стол\Учёба\Языки высокого уровня\Программы\SeaBattle\SeaBattle\Source.cpp(293,17): warning C4244: аргумент: преобразование "ll" в "const unsigned int", возможна потеря данных
C:\Users\user\OneDrive\Рабочий стол\Учёба\Языки высокого уровня\Программы\SeaBattle\SeaBattle\Source.cpp(293,27): warning C4244: аргумент: преобразование "ll" в "const unsigned int", возможна потеря данных
C:\Users\user\OneDrive\Рабочий стол\Учёба\Языки высокого уровня\Программы\SeaBattle\SeaBattle\Source.cpp(302,14): warning C4244: аргумент: преобразование "ll" в "const unsigned int", возможна потеря данных
C:\Users\user\OneDrive\Рабочий стол\Учёба\Языки высокого уровня\Программы\SeaBattle\SeaBattle\Source.cpp(302,19): warning C4244: аргумент: преобразование "ll" в "const unsigned int", возможна потеря данных
C:\Users\user\OneDrive\Рабочий стол\Учёба\Языки высокого уровня\Программы\SeaBattle\SeaBattle\Source.cpp(306,17): warning C4244: аргумент: преобразование "ll" в "const unsigned int", возможна потеря данных
C:\Users\user\OneDrive\Рабочий стол\Учёба\Языки высокого уровня\Программы\SeaBattle\SeaBattle\Source.cpp(306,24): warning C4244: аргумент: преобразование "ll" в "const unsigned int", возможна потеря данных
C:\Users\user\OneDrive\Рабочий стол\Учёба\Языки высокого уровня\Программы\SeaBattle\SeaBattle\Source.cpp(311,17): warning C4244: аргумент: преобразование "ll" в "const unsigned int", возможна потеря данных
C:\Users\user\OneDrive\Рабочий стол\Учёба\Языки высокого уровня\Программы\SeaBattle\SeaBattle\Source.cpp(311,24): warning C4244: аргумент: преобразование "ll" в "const unsigned int", возможна потеря данных
C:\Users\user\OneDrive\Рабочий стол\Учёба\Языки высокого уровня\Программы\SeaBattle\SeaBattle\Source.cpp(317,16): warning C4244: аргумент: преобразование "ll" в "const unsigned int", возможна потеря данных
C:\Users\user\OneDrive\Рабочий стол\Учёба\Языки высокого уровня\Программы\SeaBattle\SeaBattle\Source.cpp(317,21): warning C4244: аргумент: преобразование "ll" в "const unsigned int", возможна потеря данных
C:\Users\user\OneDrive\Рабочий стол\Учёба\Языки высокого уровня\Программы\SeaBattle\SeaBattle\Source.cpp(321,17): warning C4244: аргумент: преобразование "ll" в "const unsigned int", возможна потеря данных
C:\Users\user\OneDrive\Рабочий стол\Учёба\Языки высокого уровня\Программы\SeaBattle\SeaBattle\Source.cpp(321,24): warning C4244: аргумент: преобразование "ll" в "const unsigned int", возможна потеря данных
C:\Users\user\OneDrive\Рабочий стол\Учёба\Языки высокого уровня\Программы\SeaBattle\SeaBattle\Source.cpp(326,17): warning C4244: аргумент: преобразование "ll" в "const unsigned int", возможна потеря данных
C:\Users\user\OneDrive\Рабочий стол\Учёба\Языки высокого уровня\Программы\SeaBattle\SeaBattle\Source.cpp(326,24): warning C4244: аргумент: преобразование "ll" в "const unsigned int", возможна потеря данных
C:\Users\user\OneDrive\Рабочий стол\Учёба\Языки высокого уровня\Программы\SeaBattle\SeaBattle\Source.cpp(344,10): warning C4244: аргумент: преобразование "ll" в "const unsigned int", возможна потеря данных
C:\Users\user\OneDrive\Рабочий стол\Учёба\Языки высокого уровня\Программы\SeaBattle\SeaBattle\Source.cpp(344,15): warning C4244: аргумент: преобразование "ll" в "const unsigned int", возможна потеря данных
C:\Users\user\OneDrive\Рабочий стол\Учёба\Языки высокого уровня\Программы\SeaBattle\SeaBattle\Source.cpp(347,12): warning C4244: аргумент: преобразование "ll" в "const unsigned int", возможна потеря данных
C:\Users\user\OneDrive\Рабочий стол\Учёба\Языки высокого уровня\Программы\SeaBattle\SeaBattle\Source.cpp(347,17): warning C4244: аргумент: преобразование "ll" в "const unsigned int", возможна потеря данных
C:\Users\user\OneDrive\Рабочий стол\Учёба\Языки высокого уровня\Программы\SeaBattle\SeaBattle\Source.cpp(379,14): warning C4244: аргумент: преобразование "ll" в "const unsigned int", возможна потеря данных
C:\Users\user\OneDrive\Рабочий стол\Учёба\Языки высокого уровня\Программы\SeaBattle\SeaBattle\Source.cpp(379,19): warning C4244: аргумент: преобразование "ll" в "const unsigned int", возможна потеря данных
C:\Users\user\OneDrive\Рабочий стол\Учёба\Языки высокого уровня\Программы\SeaBattle\SeaBattle\Source.cpp(380,11): warning C4244: аргумент: преобразование "ll" в "const unsigned int", возможна потеря данных
C:\Users\user\OneDrive\Рабочий стол\Учёба\Языки высокого уровня\Программы\SeaBattle\SeaBattle\Source.cpp(380,16): warning C4244: аргумент: преобразование "ll" в "const unsigned int", возможна потеря данных
C:\Users\user\OneDrive\Рабочий стол\Учёба\Языки высокого уровня\Программы\SeaBattle\SeaBattle\Source.cpp(383,17): warning C4244: аргумент: преобразование "ll" в "const unsigned int", возможна потеря данных
C:\Users\user\OneDrive\Рабочий стол\Учёба\Языки высокого уровня\Программы\SeaBattle\SeaBattle\Source.cpp(383,24): warning C4244: аргумент: преобразование "ll" в "const unsigned int", возможна потеря данных
C:\Users\user\OneDrive\Рабочий стол\Учёба\Языки высокого уровня\Программы\SeaBattle\SeaBattle\Source.cpp(384,14): warning C4244: аргумент: преобразование "ll" в "const unsigned int", возможна потеря данных
C:\Users\user\OneDrive\Рабочий стол\Учёба\Языки высокого уровня\Программы\SeaBattle\SeaBattle\Source.cpp(384,21): warning C4244: аргумент: преобразование "ll" в "const unsigned int", возможна потеря данных
C:\Users\user\OneDrive\Рабочий стол\Учёба\Языки высокого уровня\Программы\SeaBattle\SeaBattle\Source.cpp(388,17): warning C4244: аргумент: преобразование "ll" в "const unsigned int", возможна потеря данных
C:\Users\user\OneDrive\Рабочий стол\Учёба\Языки высокого уровня\Программы\SeaBattle\SeaBattle\Source.cpp(388,24): warning C4244: аргумент: преобразование "ll" в "const unsigned int", возможна потеря данных
C:\Users\user\OneDrive\Рабочий стол\Учёба\Языки высокого уровня\Программы\SeaBattle\SeaBattle\Source.cpp(389,14): warning C4244: аргумент: преобразование "ll" в "const unsigned int", возможна потеря данных
C:\Users\user\OneDrive\Рабочий стол\Учёба\Языки высокого уровня\Программы\SeaBattle\SeaBattle\Source.cpp(389,21): warning C4244: аргумент: преобразование "ll" в "const unsigned int", возможна потеря данных
C:\Users\user\OneDrive\Рабочий стол\Учёба\Языки высокого уровня\Программы\SeaBattle\SeaBattle\Source.cpp(394,14): warning C4244: аргумент: преобразование "ll" в "const unsigned int", возможна потеря данных
C:\Users\user\OneDrive\Рабочий стол\Учёба\Языки высокого уровня\Программы\SeaBattle\SeaBattle\Source.cpp(394,19): warning C4244: аргумент: преобразование "ll" в "const unsigned int", возможна потеря данных
C:\Users\user\OneDrive\Рабочий стол\Учёба\Языки высокого уровня\Программы\SeaBattle\SeaBattle\Source.cpp(395,11): warning C4244: аргумент: преобразование "ll" в "const unsigned int", возможна потеря данных
C:\Users\user\OneDrive\Рабочий стол\Учёба\Языки высокого уровня\Программы\SeaBattle\SeaBattle\Source.cpp(395,16): warning C4244: аргумент: преобразование "ll" в "const unsigned int", возможна потеря данных
C:\Users\user\OneDrive\Рабочий стол\Учёба\Языки высокого уровня\Программы\SeaBattle\SeaBattle\Source.cpp(398,17): warning C4244: аргумент: преобразование "ll" в "const unsigned int", возможна потеря данных
C:\Users\user\OneDrive\Рабочий стол\Учёба\Языки высокого уровня\Программы\SeaBattle\SeaBattle\Source.cpp(398,24): warning C4244: аргумент: преобразование "ll" в "const unsigned int", возможна потеря данных
C:\Users\user\OneDrive\Рабочий стол\Учёба\Языки высокого уровня\Программы\SeaBattle\SeaBattle\Source.cpp(399,14): warning C4244: аргумент: преобразование "ll" в "const unsigned int", возможна потеря данных
C:\Users\user\OneDrive\Рабочий стол\Учёба\Языки высокого уровня\Программы\SeaBattle\SeaBattle\Source.cpp(399,21): warning C4244: аргумент: преобразование "ll" в "const unsigned int", возможна потеря данных
C:\Users\user\OneDrive\Рабочий стол\Учёба\Языки высокого уровня\Программы\SeaBattle\SeaBattle\Source.cpp(403,17): warning C4244: аргумент: преобразование "ll" в "const unsigned int", возможна потеря данных
C:\Users\user\OneDrive\Рабочий стол\Учёба\Языки высокого уровня\Программы\SeaBattle\SeaBattle\Source.cpp(403,24): warning C4244: аргумент: преобразование "ll" в "const unsigned int", возможна потеря данных
C:\Users\user\OneDrive\Рабочий стол\Учёба\Языки высокого уровня\Программы\SeaBattle\SeaBattle\Source.cpp(404,14): warning C4244: аргумент: преобразование "ll" в "const unsigned int", возможна потеря данных
C:\Users\user\OneDrive\Рабочий стол\Учёба\Языки высокого уровня\Программы\SeaBattle\SeaBattle\Source.cpp(404,21): warning C4244: аргумент: преобразование "ll" в "const unsigned int", возможна потеря данных
C:\Users\user\OneDrive\Рабочий стол\Учёба\Языки высокого уровня\Программы\SeaBattle\SeaBattle\Source.cpp(411,16): warning C4244: аргумент: преобразование "ll" в "const unsigned int", возможна потеря данных
C:\Users\user\OneDrive\Рабочий стол\Учёба\Языки высокого уровня\Программы\SeaBattle\SeaBattle\Source.cpp(411,21): warning C4244: аргумент: преобразование "ll" в "const unsigned int", возможна потеря данных
C:\Users\user\OneDrive\Рабочий стол\Учёба\Языки высокого уровня\Программы\SeaBattle\SeaBattle\Source.cpp(412,13): warning C4244: аргумент: преобразование "ll" в "const unsigned int", возможна потеря данных
C:\Users\user\OneDrive\Рабочий стол\Учёба\Языки высокого уровня\Программы\SeaBattle\SeaBattle\Source.cpp(412,18): warning C4244: аргумент: преобразование "ll" в "const unsigned int", возможна потеря данных
C:\Users\user\OneDrive\Рабочий стол\Учёба\Языки высокого уровня\Программы\SeaBattle\SeaBattle\Source.cpp(415,17): warning C4244: аргумент: преобразование "ll" в "const unsigned int", возможна потеря данных
C:\Users\user\OneDrive\Рабочий стол\Учёба\Языки высокого уровня\Программы\SeaBattle\SeaBattle\Source.cpp(415,24): warning C4244: аргумент: преобразование "ll" в "const unsigned int", возможна потеря данных
C:\Users\user\OneDrive\Рабочий стол\Учёба\Языки высокого уровня\Программы\SeaBattle\SeaBattle\Source.cpp(416,14): warning C4244: аргумент: преобразование "ll" в "const unsigned int", возможна потеря данных
C:\Users\user\OneDrive\Рабочий стол\Учёба\Языки высокого уровня\Программы\SeaBattle\SeaBattle\Source.cpp(416,21): warning C4244: аргумент: преобразование "ll" в "const unsigned int", возможна потеря данных
C:\Users\user\OneDrive\Рабочий стол\Учёба\Языки высокого уровня\Программы\SeaBattle\SeaBattle\Source.cpp(420,17): warning C4244: аргумент: преобразование "ll" в "const unsigned int", возможна потеря данных
C:\Users\user\OneDrive\Рабочий стол\Учёба\Языки высокого уровня\Программы\SeaBattle\SeaBattle\Source.cpp(420,24): warning C4244: аргумент: преобразование "ll" в "const unsigned int", возможна потеря данных
C:\Users\user\OneDrive\Рабочий стол\Учёба\Языки высокого уровня\Программы\SeaBattle\SeaBattle\Source.cpp(421,14): warning C4244: аргумент: преобразование "ll" в "const unsigned int", возможна потеря данных
C:\Users\user\OneDrive\Рабочий стол\Учёба\Языки высокого уровня\Программы\SeaBattle\SeaBattle\Source.cpp(421,21): warning C4244: аргумент: преобразование "ll" в "const unsigned int", возможна потеря данных
C:\Users\user\OneDrive\Рабочий стол\Учёба\Языки высокого уровня\Программы\SeaBattle\SeaBattle\Source.cpp(426,16): warning C4244: аргумент: преобразование "ll" в "const unsigned int", возможна потеря данных
C:\Users\user\OneDrive\Рабочий стол\Учёба\Языки высокого уровня\Программы\SeaBattle\SeaBattle\Source.cpp(426,24): warning C4244: аргумент: преобразование "ll" в "const unsigned int", возможна потеря данных
C:\Users\user\OneDrive\Рабочий стол\Учёба\Языки высокого уровня\Программы\SeaBattle\SeaBattle\Source.cpp(427,13): warning C4244: аргумент: преобразование "ll" в "const unsigned int", возможна потеря данных
C:\Users\user\OneDrive\Рабочий стол\Учёба\Языки высокого уровня\Программы\SeaBattle\SeaBattle\Source.cpp(427,21): warning C4244: аргумент: преобразование "ll" в "const unsigned int", возможна потеря данных
C:\Users\user\OneDrive\Рабочий стол\Учёба\Языки высокого уровня\Программы\SeaBattle\SeaBattle\Source.cpp(430,17): warning C4244: аргумент: преобразование "ll" в "const unsigned int", возможна потеря данных
C:\Users\user\OneDrive\Рабочий стол\Учёба\Языки высокого уровня\Программы\SeaBattle\SeaBattle\Source.cpp(430,27): warning C4244: аргумент: преобразование "ll" в "const unsigned int", возможна потеря данных
C:\Users\user\OneDrive\Рабочий стол\Учёба\Языки высокого уровня\Программы\SeaBattle\SeaBattle\Source.cpp(431,14): warning C4244: аргумент: преобразование "ll" в "const unsigned int", возможна потеря данных
C:\Users\user\OneDrive\Рабочий стол\Учёба\Языки высокого уровня\Программы\SeaBattle\SeaBattle\Source.cpp(431,24): warning C4244: аргумент: преобразование "ll" в "const unsigned int", возможна потеря данных
C:\Users\user\OneDrive\Рабочий стол\Учёба\Языки высокого уровня\Программы\SeaBattle\SeaBattle\Source.cpp(435,17): warning C4244: аргумент: преобразование "ll" в "const unsigned int", возможна потеря данных
C:\Users\user\OneDrive\Рабочий стол\Учёба\Языки высокого уровня\Программы\SeaBattle\SeaBattle\Source.cpp(435,27): warning C4244: аргумент: преобразование "ll" в "const unsigned int", возможна потеря данных
C:\Users\user\OneDrive\Рабочий стол\Учёба\Языки высокого уровня\Программы\SeaBattle\SeaBattle\Source.cpp(436,14): warning C4244: аргумент: преобразование "ll" в "const unsigned int", возможна потеря данных
C:\Users\user\OneDrive\Рабочий стол\Учёба\Языки высокого уровня\Программы\SeaBattle\SeaBattle\Source.cpp(436,24): warning C4244: аргумент: преобразование "ll" в "const unsigned int", возможна потеря данных
C:\Users\user\OneDrive\Рабочий стол\Учёба\Языки высокого уровня\Программы\SeaBattle\SeaBattle\Source.cpp(444,14): warning C4244: аргумент: преобразование "ll" в "const unsigned int", возможна потеря данных
C:\Users\user\OneDrive\Рабочий стол\Учёба\Языки высокого уровня\Программы\SeaBattle\SeaBattle\Source.cpp(444,19): warning C4244: аргумент: преобразование "ll" в "const unsigned int", возможна потеря данных
C:\Users\user\OneDrive\Рабочий стол\Учёба\Языки высокого уровня\Программы\SeaBattle\SeaBattle\Source.cpp(445,11): warning C4244: аргумент: преобразование "ll" в "const unsigned int", возможна потеря данных
C:\Users\user\OneDrive\Рабочий стол\Учёба\Языки высокого уровня\Программы\SeaBattle\SeaBattle\Source.cpp(445,16): warning C4244: аргумент: преобразование "ll" в "const unsigned int", возможна потеря данных
C:\Users\user\OneDrive\Рабочий стол\Учёба\Языки высокого уровня\Программы\SeaBattle\SeaBattle\Source.cpp(448,17): warning C4244: аргумент: преобразование "ll" в "const unsigned int", возможна потеря данных
C:\Users\user\OneDrive\Рабочий стол\Учёба\Языки высокого уровня\Программы\SeaBattle\SeaBattle\Source.cpp(448,24): warning C4244: аргумент: преобразование "ll" в "const unsigned int", возможна потеря данных
C:\Users\user\OneDrive\Рабочий стол\Учёба\Языки высокого уровня\Программы\SeaBattle\SeaBattle\Source.cpp(449,14): warning C4244: аргумент: преобразование "ll" в "const unsigned int", возможна потеря данных
C:\Users\user\OneDrive\Рабочий стол\Учёба\Языки высокого уровня\Программы\SeaBattle\SeaBattle\Source.cpp(449,21): warning C4244: аргумент: преобразование "ll" в "const unsigned int", возможна потеря данных
C:\Users\user\OneDrive\Рабочий стол\Учёба\Языки высокого уровня\Программы\SeaBattle\SeaBattle\Source.cpp(453,17): warning C4244: аргумент: преобразование "ll" в "const unsigned int", возможна потеря данных
C:\Users\user\OneDrive\Рабочий стол\Учёба\Языки высокого уровня\Программы\SeaBattle\SeaBattle\Source.cpp(453,24): warning C4244: аргумент: преобразование "ll" в "const unsigned int", возможна потеря данных
C:\Users\user\OneDrive\Рабочий стол\Учёба\Языки высокого уровня\Программы\SeaBattle\SeaBattle\Source.cpp(454,14): warning C4244: аргумент: преобразование "ll" в "const unsigned int", возможна потеря данных
C:\Users\user\OneDrive\Рабочий стол\Учёба\Языки высокого уровня\Программы\SeaBattle\SeaBattle\Source.cpp(454,21): warning C4244: аргумент: преобразование "ll" в "const unsigned int", возможна потеря данных
C:\Users\user\OneDrive\Рабочий стол\Учёба\Языки высокого уровня\Программы\SeaBattle\SeaBattle\Source.cpp(459,16): warning C4244: аргумент: преобразование "ll" в "const unsigned int", возможна потеря данных
C:\Users\user\OneDrive\Рабочий стол\Учёба\Языки высокого уровня\Программы\SeaBattle\SeaBattle\Source.cpp(459,21): warning C4244: аргумент: преобразование "ll" в "const unsigned int", возможна потеря данных
C:\Users\user\OneDrive\Рабочий стол\Учёба\Языки высокого уровня\Программы\SeaBattle\SeaBattle\Source.cpp(460,13): warning C4244: аргумент: преобразование "ll" в "const unsigned int", возможна потеря данных
C:\Users\user\OneDrive\Рабочий стол\Учёба\Языки высокого уровня\Программы\SeaBattle\SeaBattle\Source.cpp(460,18): warning C4244: аргумент: преобразование "ll" в "const unsigned int", возможна потеря данных
C:\Users\user\OneDrive\Рабочий стол\Учёба\Языки высокого уровня\Программы\SeaBattle\SeaBattle\Source.cpp(463,17): warning C4244: аргумент: преобразование "ll" в "const unsigned int", возможна потеря данных
C:\Users\user\OneDrive\Рабочий стол\Учёба\Языки высокого уровня\Программы\SeaBattle\SeaBattle\Source.cpp(463,24): warning C4244: аргумент: преобразование "ll" в "const unsigned int", возможна потеря данных
C:\Users\user\OneDrive\Рабочий стол\Учёба\Языки высокого уровня\Программы\SeaBattle\SeaBattle\Source.cpp(464,14): warning C4244: аргумент: преобразование "ll" в "const unsigned int", возможна потеря данных
C:\Users\user\OneDrive\Рабочий стол\Учёба\Языки высокого уровня\Программы\SeaBattle\SeaBattle\Source.cpp(464,21): warning C4244: аргумент: преобразование "ll" в "const unsigned int", возможна потеря данных
C:\Users\user\OneDrive\Рабочий стол\Учёба\Языки высокого уровня\Программы\SeaBattle\SeaBattle\Source.cpp(468,17): warning C4244: аргумент: преобразование "ll" в "const unsigned int", возможна потеря данных
C:\Users\user\OneDrive\Рабочий стол\Учёба\Языки высокого уровня\Программы\SeaBattle\SeaBattle\Source.cpp(468,24): warning C4244: аргумент: преобразование "ll" в "const unsigned int", возможна потеря данных
C:\Users\user\OneDrive\Рабочий стол\Учёба\Языки высокого уровня\Программы\SeaBattle\SeaBattle\Source.cpp(469,14): warning C4244: аргумент: преобразование "ll" в "const unsigned int", возможна потеря данных
C:\Users\user\OneDrive\Рабочий стол\Учёба\Языки высокого уровня\Программы\SeaBattle\SeaBattle\Source.cpp(469,21): warning C4244: аргумент: преобразование "ll" в "const unsigned int", возможна потеря данных
C:\Users\user\OneDrive\Рабочий стол\Учёба\Языки высокого уровня\Программы\SeaBattle\SeaBattle\Source.cpp(477,17): warning C4244: аргумент: преобразование "ll" в "const unsigned int", возможна потеря данных
C:\Users\user\OneDrive\Рабочий стол\Учёба\Языки высокого уровня\Программы\SeaBattle\SeaBattle\Source.cpp(477,20): warning C4244: аргумент: преобразование "ll" в "const unsigned int", возможна потеря данных
C:\Users\user\OneDrive\Рабочий стол\Учёба\Языки высокого уровня\Программы\SeaBattle\SeaBattle\Source.cpp(477,39): warning C4244: аргумент: преобразование "ll" в "const unsigned int", возможна потеря данных
C:\Users\user\OneDrive\Рабочий стол\Учёба\Языки высокого уровня\Программы\SeaBattle\SeaBattle\Source.cpp(477,42): warning C4244: аргумент: преобразование "ll" в "const unsigned int", возможна потеря данных
C:\Users\user\OneDrive\Рабочий стол\Учёба\Языки высокого уровня\Программы\SeaBattle\SeaBattle\Source.cpp(481,12): warning C4244: аргумент: преобразование "ll" в "const unsigned int", возможна потеря данных
C:\Users\user\OneDrive\Рабочий стол\Учёба\Языки высокого уровня\Программы\SeaBattle\SeaBattle\Source.cpp(481,15): warning C4244: аргумент: преобразование "ll" в "const unsigned int", возможна потеря данных
C:\Users\user\OneDrive\Рабочий стол\Учёба\Языки высокого уровня\Программы\SeaBattle\SeaBattle\Source.cpp(482,9): warning C4244: аргумент: преобразование "ll" в "const unsigned int", возможна потеря данных
C:\Users\user\OneDrive\Рабочий стол\Учёба\Языки высокого уровня\Программы\SeaBattle\SeaBattle\Source.cpp(482,12): warning C4244: аргумент: преобразование "ll" в "const unsigned int", возможна потеря данных
C:\Users\user\OneDrive\Рабочий стол\Учёба\Языки высокого уровня\Программы\SeaBattle\SeaBattle\Source.cpp(485,12): warning C4244: аргумент: преобразование "ll" в "const unsigned int", возможна потеря данных
C:\Users\user\OneDrive\Рабочий стол\Учёба\Языки высокого уровня\Программы\SeaBattle\SeaBattle\Source.cpp(485,15): warning C4244: аргумент: преобразование "ll" в "const unsigned int", возможна потеря данных
C:\Users\user\OneDrive\Рабочий стол\Учёба\Языки высокого уровня\Программы\SeaBattle\SeaBattle\Source.cpp(486,15): warning C4244: аргумент: преобразование "ll" в "const unsigned int", возможна потеря данных
C:\Users\user\OneDrive\Рабочий стол\Учёба\Языки высокого уровня\Программы\SeaBattle\SeaBattle\Source.cpp(486,18): warning C4244: аргумент: преобразование "ll" в "const unsigned int", возможна потеря данных
C:\Users\user\OneDrive\Рабочий стол\Учёба\Языки высокого уровня\Программы\SeaBattle\SeaBattle\Source.cpp(486,21): warning C4244: аргумент: преобразование "_Ty" в "const unsigned int", возможна потеря данных
          with
          [
              _Ty=ll
          ]
C:\Users\user\OneDrive\Рабочий стол\Учёба\Языки высокого уровня\Программы\SeaBattle\SeaBattle\Source.cpp(487,20): warning C4244: аргумент: преобразование "ll" в "const unsigned int", возможна потеря данных
C:\Users\user\OneDrive\Рабочий стол\Учёба\Языки высокого уровня\Программы\SeaBattle\SeaBattle\Source.cpp(487,23): warning C4244: аргумент: преобразование "ll" в "const unsigned int", возможна потеря данных
C:\Users\user\OneDrive\Рабочий стол\Учёба\Языки высокого уровня\Программы\SeaBattle\SeaBattle\Source.cpp(487,26): warning C4244: аргумент: преобразование "_Ty" в "const unsigned int", возможна потеря данных
          with
          [
              _Ty=ll
          ]
C:\Users\user\OneDrive\Рабочий стол\Учёба\Языки высокого уровня\Программы\SeaBattle\SeaBattle\Source.cpp(489,27): warning C4244: аргумент: преобразование "ll" в "const unsigned int", возможна потеря данных
C:\Users\user\OneDrive\Рабочий стол\Учёба\Языки высокого уровня\Программы\SeaBattle\SeaBattle\Source.cpp(489,30): warning C4244: аргумент: преобразование "ll" в "const unsigned int", возможна потеря данных
C:\Users\user\OneDrive\Рабочий стол\Учёба\Языки высокого уровня\Программы\SeaBattle\SeaBattle\Source.cpp(489,33): warning C4244: аргумент: преобразование "_Ty" в "const unsigned int", возможна потеря данных
          with
          [
              _Ty=ll
          ]
C:\Users\user\OneDrive\Рабочий стол\Учёба\Языки высокого уровня\Программы\SeaBattle\SeaBattle\Source.cpp(491,9): warning C4244: аргумент: преобразование "ll" в "const unsigned int", возможна потеря данных
C:\Users\user\OneDrive\Рабочий стол\Учёба\Языки высокого уровня\Программы\SeaBattle\SeaBattle\Source.cpp(491,12): warning C4244: аргумент: преобразование "ll" в "const unsigned int", возможна потеря данных
C:\Users\user\OneDrive\Рабочий стол\Учёба\Языки высокого уровня\Программы\SeaBattle\SeaBattle\Source.cpp(501,12): warning C4244: аргумент: преобразование "time_t" в "unsigned int", возможна потеря данных
  SeaBattle.vcxproj -> C:\Users\user\OneDrive\Рабочий стол\Учёба\Языки высокого уровня\Программы\SeaBattle\Debug\SeaBattle.exe
